starting build

**********************************************************************

Test build
compile smash.c

**********************************************************************
gcc smash.c -o smash


test build PASSED (5 of 5)
 (compile smash.c)

starting badcd

**********************************************************************

Test badcd
cd to a bad directory

**********************************************************************
/tmp/tmp2x4w09rw/p/./smash


test badcd PASSED (5 of 5)
 (cd to a bad directory)

starting exec

**********************************************************************

Test exec
path should be /bin

**********************************************************************
/tmp/tmp2x4w09rw/p/./smash


test exec PASSED (5 of 5)
 (path should be /bin)

starting badexec

**********************************************************************

Test badexec
run programs that do not exist in /bin

**********************************************************************
/tmp/tmp2x4w09rw/p/./smash


test badexec PASSED (5 of 5)
 (run programs that do not exist in /bin)

starting pwd

**********************************************************************

Test pwd
pwd test

**********************************************************************
/tmp/tmp2x4w09rw/p/./smash


test pwd PASSED (5 of 5)
 (pwd test)

starting whitespace

**********************************************************************

Test whitespace
leading and trailing whitespace, full whitespaces or empty string

**********************************************************************
/tmp/tmp2x4w09rw/p/./smash


test whitespace PASSED (5 of 5)
 (leading and trailing whitespace, full whitespaces or empty string)

starting rdr

**********************************************************************

Test rdr
simple redirection with no standard error

**********************************************************************
/tmp/tmp2x4w09rw/p/./smash


test rdr PASSED (10 of 10)
 (simple redirection with no standard error)

starting pipe

**********************************************************************

Test pipe
simple pipe

**********************************************************************
/tmp/tmp2x4w09rw/p/./smash
UnicodeDecodeError: 'utf-8' codec can't decode byte 0xc2 in position 68: invalid continuation byte


test pipe FAILED (0 of 15)
 (simple pipe)
 Unexpected exception 'utf-8' codec can't decode byte 0xc2 in position 68: invalid continuation byte

 Test it yourself by running
 smash </home/cs537-1/tests/P3/pipe/in
 and check out the test folder
 /home/cs537-1/tests/P3/pipe
 to compare your output with reference outputs. 

starting mul

**********************************************************************

Test mul
running multiple commands at once

**********************************************************************
/tmp/tmp2x4w09rw/p/./smash


test mul PASSED (5 of 5)
 (running multiple commands at once)

starting loop

**********************************************************************

Test loop
simple loop

**********************************************************************
/tmp/tmp2x4w09rw/p/./smash
testing.test.Failure: ./smash gave incorrect standard output.
Expected: "smash> hello\nhello\nsmash>"
Got:      "smash> hello\nsmash>"


test loop FAILED (0 of 15)
 (simple loop)
 ./smash gave incorrect standard output.

 Test it yourself by running
 smash </home/cs537-1/tests/P3/loop/in
 and check out the test folder
 /home/cs537-1/tests/P3/loop
 to compare your output with reference outputs. 

starting looprd

**********************************************************************

Test looprd
simple redirection with loop

**********************************************************************
/tmp/tmp2x4w09rw/p/./smash
testing.test.Failure: ./smash gave incorrect standard error.
Expected: ""
Got:      "An error has occurred\nAn error has occurred\nAn error has occurred"


test looprd FAILED (0 of 15)
 (simple redirection with loop)
 ./smash gave incorrect standard error.

 Test it yourself by running
 smash </home/cs537-1/tests/P3/looprd/in
 and check out the test folder
 /home/cs537-1/tests/P3/looprd
 to compare your output with reference outputs. 

starting piperd

**********************************************************************

Test piperd
redirection with pipe

**********************************************************************
/tmp/tmp2x4w09rw/p/./smash


test piperd FAILED (0 of 15)
 (redirection with pipe)
 standard output does not match redirected output

 Test it yourself by running
 smash </home/cs537-1/tests/P3/piperd/in
 and check out the test folder
 /home/cs537-1/tests/P3/piperd
 to compare your output with reference outputs. 

starting pipechain

**********************************************************************

Test pipechain
chain pipe

**********************************************************************
/tmp/tmp2x4w09rw/p/./smash
UnicodeDecodeError: 'utf-8' codec can't decode byte 0xc2 in position 82: invalid continuation byte


test pipechain FAILED (0 of 15)
 (chain pipe)
 Unexpected exception 'utf-8' codec can't decode byte 0xc2 in position 82: invalid continuation byte

 Test it yourself by running
 smash </home/cs537-1/tests/P3/pipechain/in
 and check out the test folder
 /home/cs537-1/tests/P3/pipechain
 to compare your output with reference outputs. 

**********************************************************************
Summary:
test build PASSED (5 of 5)
 (compile smash.c)

test badcd PASSED (5 of 5)
 (cd to a bad directory)

test exec PASSED (5 of 5)
 (path should be /bin)

test badexec PASSED (5 of 5)
 (run programs that do not exist in /bin)

test pwd PASSED (5 of 5)
 (pwd test)

test whitespace PASSED (5 of 5)
 (leading and trailing whitespace, full whitespaces or empty string)

test rdr PASSED (10 of 10)
 (simple redirection with no standard error)

test pipe FAILED (0 of 15)
 (simple pipe)
 Unexpected exception 'utf-8' codec can't decode byte 0xc2 in position 68: invalid continuation byte

 Test it yourself by running
 smash </home/cs537-1/tests/P3/pipe/in
 and check out the test folder
 /home/cs537-1/tests/P3/pipe
 to compare your output with reference outputs. 

test mul PASSED (5 of 5)
 (running multiple commands at once)

test loop FAILED (0 of 15)
 (simple loop)
 ./smash gave incorrect standard output.

 Test it yourself by running
 smash </home/cs537-1/tests/P3/loop/in
 and check out the test folder
 /home/cs537-1/tests/P3/loop
 to compare your output with reference outputs. 

test looprd FAILED (0 of 15)
 (simple redirection with loop)
 ./smash gave incorrect standard error.

 Test it yourself by running
 smash </home/cs537-1/tests/P3/looprd/in
 and check out the test folder
 /home/cs537-1/tests/P3/looprd
 to compare your output with reference outputs. 

test piperd FAILED (0 of 15)
 (redirection with pipe)
 standard output does not match redirected output

 Test it yourself by running
 smash </home/cs537-1/tests/P3/piperd/in
 and check out the test folder
 /home/cs537-1/tests/P3/piperd
 to compare your output with reference outputs. 

test pipechain FAILED (0 of 15)
 (chain pipe)
 Unexpected exception 'utf-8' codec can't decode byte 0xc2 in position 82: invalid continuation byte

 Test it yourself by running
 smash </home/cs537-1/tests/P3/pipechain/in
 and check out the test folder
 /home/cs537-1/tests/P3/pipechain
 to compare your output with reference outputs. 

Passed 8 of 13 tests.
Overall 8 of 13
Points 45 of 120
